<?xml version="1.0" encoding="UTF-8"?>
<!-- Generated by org.testng.reporters.JUnitReportReporter -->
<testsuite skipped="0" hostname="BTG704839" name="com.bt.og.testpages.NewEmployeeTestPage" tests="1" failures="0" timestamp="03 Jan 2019 15:53:31 GMT" time="69.853" errors="0">
  <testcase name="test_NewEmployeeBundles" time="69.853" classname="com.bt.og.testpages.NewEmployeeTestPage"/>
</testsuite> <!-- com.bt.og.testpages.NewEmployeeTestPage -->
