<?xml version="1.0" encoding="UTF-8"?>
<!-- Generated by org.testng.reporters.JUnitReportReporter -->
<testsuite hostname="BTP204126" name="com.bt.og.utility.ResubmitOrder" tests="1" failures="0" timestamp="25 Jul 2019 06:57:06 GMT" time="0.007" errors="0">
  <testcase name="f" time="0.007" classname="com.bt.og.utility.ResubmitOrder"/>
</testsuite> <!-- com.bt.og.utility.ResubmitOrder -->
