<?xml version="1.0" encoding="UTF-8"?>
<!-- Generated by org.testng.reporters.JUnitReportReporter -->
<testsuite skipped="0" hostname="BTG704839" name="com.bt.og.testpages.LoginPageTest" tests="4" failures="0" timestamp="03 Jan 2019 15:53:31 GMT" time="105.072" errors="0">
  <testcase name="test02_invalidLogin" time="18.030" classname="com.bt.og.testpages.LoginPageTest"/>
  <testcase name="test01_validLogin" time="31.503" classname="com.bt.og.testpages.LoginPageTest"/>
  <testcase name="test01_validLogin" time="27.316" classname="com.bt.og.testpages.LoginPageTest"/>
  <testcase name="test04_wrongEinFormat" time="28.223" classname="com.bt.og.testpages.LoginPageTest"/>
</testsuite> <!-- com.bt.og.testpages.LoginPageTest -->
