<?xml version="1.0" encoding="UTF-8"?>
<!-- Generated by org.testng.reporters.JUnitReportReporter -->
<testsuite skipped="0" hostname="BTG704839" name="com.bt.og.testpages.SoftwarePageTestPage" tests="3" failures="0" timestamp="03 Jan 2019 15:53:31 GMT" time="156.060" errors="0">
  <testcase name="test27_searchProduct" time="68.355" classname="com.bt.og.testpages.SoftwarePageTestPage"/>
  <testcase name="test26_RemoveUneededSoftware" time="43.204" classname="com.bt.og.testpages.SoftwarePageTestPage"/>
  <testcase name="test25_ProvideNewSoftware" time="44.501" classname="com.bt.og.testpages.SoftwarePageTestPage"/>
</testsuite> <!-- com.bt.og.testpages.SoftwarePageTestPage -->
