<?xml version="1.0" encoding="UTF-8"?>
<!-- Generated by org.testng.reporters.JUnitReportReporter -->
<testsuite hostname="BTP204126" name="com.bt.og.testpages.AdminResubmitionOfOrder2RESETaUTH" tests="116" failures="0" timestamp="20 Nov 2020 07:48:43 GMT" time="518.789" errors="0">
  <testcase name="test1" time="4.700" classname="com.bt.og.testpages.AdminResubmitionOfOrder2RESETaUTH"/>
  <testcase name="test1" time="4.300" classname="com.bt.og.testpages.AdminResubmitionOfOrder2RESETaUTH"/>
  <testcase name="test1" time="4.340" classname="com.bt.og.testpages.AdminResubmitionOfOrder2RESETaUTH"/>
  <testcase name="test1" time="4.285" classname="com.bt.og.testpages.AdminResubmitionOfOrder2RESETaUTH"/>
  <testcase name="test1" time="4.341" classname="com.bt.og.testpages.AdminResubmitionOfOrder2RESETaUTH"/>
  <testcase name="test1" time="4.355" classname="com.bt.og.testpages.AdminResubmitionOfOrder2RESETaUTH"/>
  <testcase name="test1" time="4.268" classname="com.bt.og.testpages.AdminResubmitionOfOrder2RESETaUTH"/>
  <testcase name="test1" time="5.054" classname="com.bt.og.testpages.AdminResubmitionOfOrder2RESETaUTH"/>
  <testcase name="test1" time="4.476" classname="com.bt.og.testpages.AdminResubmitionOfOrder2RESETaUTH"/>
  <testcase name="test1" time="4.255" classname="com.bt.og.testpages.AdminResubmitionOfOrder2RESETaUTH"/>
  <testcase name="test1" time="4.286" classname="com.bt.og.testpages.AdminResubmitionOfOrder2RESETaUTH"/>
  <testcase name="test1" time="4.383" classname="com.bt.og.testpages.AdminResubmitionOfOrder2RESETaUTH"/>
  <testcase name="test1" time="5.071" classname="com.bt.og.testpages.AdminResubmitionOfOrder2RESETaUTH"/>
  <testcase name="test1" time="5.239" classname="com.bt.og.testpages.AdminResubmitionOfOrder2RESETaUTH"/>
  <testcase name="test1" time="4.739" classname="com.bt.og.testpages.AdminResubmitionOfOrder2RESETaUTH"/>
  <testcase name="test1" time="4.451" classname="com.bt.og.testpages.AdminResubmitionOfOrder2RESETaUTH"/>
  <testcase name="test1" time="4.561" classname="com.bt.og.testpages.AdminResubmitionOfOrder2RESETaUTH"/>
  <testcase name="test1" time="4.578" classname="com.bt.og.testpages.AdminResubmitionOfOrder2RESETaUTH"/>
  <testcase name="test1" time="4.244" classname="com.bt.og.testpages.AdminResubmitionOfOrder2RESETaUTH"/>
  <testcase name="test1" time="5.301" classname="com.bt.og.testpages.AdminResubmitionOfOrder2RESETaUTH"/>
  <testcase name="test1" time="5.446" classname="com.bt.og.testpages.AdminResubmitionOfOrder2RESETaUTH"/>
  <testcase name="test1" time="4.410" classname="com.bt.og.testpages.AdminResubmitionOfOrder2RESETaUTH"/>
  <testcase name="test1" time="4.186" classname="com.bt.og.testpages.AdminResubmitionOfOrder2RESETaUTH"/>
  <testcase name="test1" time="4.152" classname="com.bt.og.testpages.AdminResubmitionOfOrder2RESETaUTH"/>
  <testcase name="test1" time="4.394" classname="com.bt.og.testpages.AdminResubmitionOfOrder2RESETaUTH"/>
  <testcase name="test1" time="4.422" classname="com.bt.og.testpages.AdminResubmitionOfOrder2RESETaUTH"/>
  <testcase name="test1" time="4.451" classname="com.bt.og.testpages.AdminResubmitionOfOrder2RESETaUTH"/>
  <testcase name="test1" time="4.287" classname="com.bt.og.testpages.AdminResubmitionOfOrder2RESETaUTH"/>
  <testcase name="test1" time="4.349" classname="com.bt.og.testpages.AdminResubmitionOfOrder2RESETaUTH"/>
  <testcase name="test1" time="4.243" classname="com.bt.og.testpages.AdminResubmitionOfOrder2RESETaUTH"/>
  <testcase name="test1" time="4.257" classname="com.bt.og.testpages.AdminResubmitionOfOrder2RESETaUTH"/>
  <testcase name="test1" time="4.543" classname="com.bt.og.testpages.AdminResubmitionOfOrder2RESETaUTH"/>
  <testcase name="test1" time="4.280" classname="com.bt.og.testpages.AdminResubmitionOfOrder2RESETaUTH"/>
  <testcase name="test1" time="4.263" classname="com.bt.og.testpages.AdminResubmitionOfOrder2RESETaUTH"/>
  <testcase name="test1" time="4.412" classname="com.bt.og.testpages.AdminResubmitionOfOrder2RESETaUTH"/>
  <testcase name="test1" time="5.313" classname="com.bt.og.testpages.AdminResubmitionOfOrder2RESETaUTH"/>
  <testcase name="test1" time="4.241" classname="com.bt.og.testpages.AdminResubmitionOfOrder2RESETaUTH"/>
  <testcase name="test1" time="4.412" classname="com.bt.og.testpages.AdminResubmitionOfOrder2RESETaUTH"/>
  <testcase name="test1" time="4.442" classname="com.bt.og.testpages.AdminResubmitionOfOrder2RESETaUTH"/>
  <testcase name="test1" time="4.370" classname="com.bt.og.testpages.AdminResubmitionOfOrder2RESETaUTH"/>
  <testcase name="test1" time="4.417" classname="com.bt.og.testpages.AdminResubmitionOfOrder2RESETaUTH"/>
  <testcase name="test1" time="4.245" classname="com.bt.og.testpages.AdminResubmitionOfOrder2RESETaUTH"/>
  <testcase name="test1" time="4.304" classname="com.bt.og.testpages.AdminResubmitionOfOrder2RESETaUTH"/>
  <testcase name="test1" time="4.252" classname="com.bt.og.testpages.AdminResubmitionOfOrder2RESETaUTH"/>
  <testcase name="test1" time="4.461" classname="com.bt.og.testpages.AdminResubmitionOfOrder2RESETaUTH"/>
  <testcase name="test1" time="4.289" classname="com.bt.og.testpages.AdminResubmitionOfOrder2RESETaUTH"/>
  <testcase name="test1" time="4.366" classname="com.bt.og.testpages.AdminResubmitionOfOrder2RESETaUTH"/>
  <testcase name="test1" time="5.793" classname="com.bt.og.testpages.AdminResubmitionOfOrder2RESETaUTH"/>
  <testcase name="test1" time="4.386" classname="com.bt.og.testpages.AdminResubmitionOfOrder2RESETaUTH"/>
  <testcase name="test1" time="4.357" classname="com.bt.og.testpages.AdminResubmitionOfOrder2RESETaUTH"/>
  <testcase name="test1" time="4.257" classname="com.bt.og.testpages.AdminResubmitionOfOrder2RESETaUTH"/>
  <testcase name="test1" time="4.344" classname="com.bt.og.testpages.AdminResubmitionOfOrder2RESETaUTH"/>
  <testcase name="test1" time="4.742" classname="com.bt.og.testpages.AdminResubmitionOfOrder2RESETaUTH"/>
  <testcase name="test1" time="4.548" classname="com.bt.og.testpages.AdminResubmitionOfOrder2RESETaUTH"/>
  <testcase name="test1" time="4.254" classname="com.bt.og.testpages.AdminResubmitionOfOrder2RESETaUTH"/>
  <testcase name="test1" time="4.245" classname="com.bt.og.testpages.AdminResubmitionOfOrder2RESETaUTH"/>
  <testcase name="test1" time="5.709" classname="com.bt.og.testpages.AdminResubmitionOfOrder2RESETaUTH"/>
  <testcase name="test1" time="4.570" classname="com.bt.og.testpages.AdminResubmitionOfOrder2RESETaUTH"/>
  <testcase name="test1" time="4.356" classname="com.bt.og.testpages.AdminResubmitionOfOrder2RESETaUTH"/>
  <testcase name="test1" time="4.298" classname="com.bt.og.testpages.AdminResubmitionOfOrder2RESETaUTH"/>
  <testcase name="test1" time="4.679" classname="com.bt.og.testpages.AdminResubmitionOfOrder2RESETaUTH"/>
  <testcase name="test1" time="4.232" classname="com.bt.og.testpages.AdminResubmitionOfOrder2RESETaUTH"/>
  <testcase name="test1" time="4.254" classname="com.bt.og.testpages.AdminResubmitionOfOrder2RESETaUTH"/>
  <testcase name="test1" time="4.136" classname="com.bt.og.testpages.AdminResubmitionOfOrder2RESETaUTH"/>
  <testcase name="test1" time="4.908" classname="com.bt.og.testpages.AdminResubmitionOfOrder2RESETaUTH"/>
  <testcase name="test1" time="5.065" classname="com.bt.og.testpages.AdminResubmitionOfOrder2RESETaUTH"/>
  <testcase name="test1" time="4.259" classname="com.bt.og.testpages.AdminResubmitionOfOrder2RESETaUTH"/>
  <testcase name="test1" time="4.228" classname="com.bt.og.testpages.AdminResubmitionOfOrder2RESETaUTH"/>
  <testcase name="test1" time="4.216" classname="com.bt.og.testpages.AdminResubmitionOfOrder2RESETaUTH"/>
  <testcase name="test1" time="4.611" classname="com.bt.og.testpages.AdminResubmitionOfOrder2RESETaUTH"/>
  <testcase name="test1" time="4.199" classname="com.bt.og.testpages.AdminResubmitionOfOrder2RESETaUTH"/>
  <testcase name="test1" time="4.324" classname="com.bt.og.testpages.AdminResubmitionOfOrder2RESETaUTH"/>
  <testcase name="test1" time="4.281" classname="com.bt.og.testpages.AdminResubmitionOfOrder2RESETaUTH"/>
  <testcase name="test1" time="4.897" classname="com.bt.og.testpages.AdminResubmitionOfOrder2RESETaUTH"/>
  <testcase name="test1" time="4.468" classname="com.bt.og.testpages.AdminResubmitionOfOrder2RESETaUTH"/>
  <testcase name="test1" time="4.529" classname="com.bt.og.testpages.AdminResubmitionOfOrder2RESETaUTH"/>
  <testcase name="test1" time="4.325" classname="com.bt.og.testpages.AdminResubmitionOfOrder2RESETaUTH"/>
  <testcase name="test1" time="4.398" classname="com.bt.og.testpages.AdminResubmitionOfOrder2RESETaUTH"/>
  <testcase name="test1" time="4.322" classname="com.bt.og.testpages.AdminResubmitionOfOrder2RESETaUTH"/>
  <testcase name="test1" time="4.214" classname="com.bt.og.testpages.AdminResubmitionOfOrder2RESETaUTH"/>
  <testcase name="test1" time="4.302" classname="com.bt.og.testpages.AdminResubmitionOfOrder2RESETaUTH"/>
  <testcase name="test1" time="4.573" classname="com.bt.og.testpages.AdminResubmitionOfOrder2RESETaUTH"/>
  <testcase name="test1" time="4.405" classname="com.bt.og.testpages.AdminResubmitionOfOrder2RESETaUTH"/>
  <testcase name="test1" time="4.584" classname="com.bt.og.testpages.AdminResubmitionOfOrder2RESETaUTH"/>
  <testcase name="test1" time="4.557" classname="com.bt.og.testpages.AdminResubmitionOfOrder2RESETaUTH"/>
  <testcase name="test1" time="4.229" classname="com.bt.og.testpages.AdminResubmitionOfOrder2RESETaUTH"/>
  <testcase name="test1" time="4.139" classname="com.bt.og.testpages.AdminResubmitionOfOrder2RESETaUTH"/>
  <testcase name="test1" time="4.361" classname="com.bt.og.testpages.AdminResubmitionOfOrder2RESETaUTH"/>
  <testcase name="test1" time="4.167" classname="com.bt.og.testpages.AdminResubmitionOfOrder2RESETaUTH"/>
  <testcase name="test1" time="4.233" classname="com.bt.og.testpages.AdminResubmitionOfOrder2RESETaUTH"/>
  <testcase name="test1" time="4.622" classname="com.bt.og.testpages.AdminResubmitionOfOrder2RESETaUTH"/>
  <testcase name="test1" time="4.727" classname="com.bt.og.testpages.AdminResubmitionOfOrder2RESETaUTH"/>
  <testcase name="test1" time="4.456" classname="com.bt.og.testpages.AdminResubmitionOfOrder2RESETaUTH"/>
  <testcase name="test1" time="4.781" classname="com.bt.og.testpages.AdminResubmitionOfOrder2RESETaUTH"/>
  <testcase name="test1" time="4.376" classname="com.bt.og.testpages.AdminResubmitionOfOrder2RESETaUTH"/>
  <testcase name="test1" time="4.300" classname="com.bt.og.testpages.AdminResubmitionOfOrder2RESETaUTH"/>
  <testcase name="test1" time="4.402" classname="com.bt.og.testpages.AdminResubmitionOfOrder2RESETaUTH"/>
  <testcase name="test1" time="4.617" classname="com.bt.og.testpages.AdminResubmitionOfOrder2RESETaUTH"/>
  <testcase name="test1" time="4.330" classname="com.bt.og.testpages.AdminResubmitionOfOrder2RESETaUTH"/>
  <testcase name="test1" time="5.596" classname="com.bt.og.testpages.AdminResubmitionOfOrder2RESETaUTH"/>
  <testcase name="test1" time="4.348" classname="com.bt.og.testpages.AdminResubmitionOfOrder2RESETaUTH"/>
  <testcase name="test1" time="4.222" classname="com.bt.og.testpages.AdminResubmitionOfOrder2RESETaUTH"/>
  <testcase name="test1" time="4.352" classname="com.bt.og.testpages.AdminResubmitionOfOrder2RESETaUTH"/>
  <testcase name="test1" time="4.271" classname="com.bt.og.testpages.AdminResubmitionOfOrder2RESETaUTH"/>
  <testcase name="test1" time="4.403" classname="com.bt.og.testpages.AdminResubmitionOfOrder2RESETaUTH"/>
  <testcase name="test1" time="4.541" classname="com.bt.og.testpages.AdminResubmitionOfOrder2RESETaUTH"/>
  <testcase name="test1" time="4.371" classname="com.bt.og.testpages.AdminResubmitionOfOrder2RESETaUTH"/>
  <testcase name="test1" time="4.421" classname="com.bt.og.testpages.AdminResubmitionOfOrder2RESETaUTH"/>
  <testcase name="test1" time="4.374" classname="com.bt.og.testpages.AdminResubmitionOfOrder2RESETaUTH"/>
  <testcase name="test1" time="4.289" classname="com.bt.og.testpages.AdminResubmitionOfOrder2RESETaUTH"/>
  <testcase name="test1" time="4.789" classname="com.bt.og.testpages.AdminResubmitionOfOrder2RESETaUTH"/>
  <testcase name="test1" time="4.656" classname="com.bt.og.testpages.AdminResubmitionOfOrder2RESETaUTH"/>
  <testcase name="test1" time="4.261" classname="com.bt.og.testpages.AdminResubmitionOfOrder2RESETaUTH"/>
  <testcase name="test1" time="4.266" classname="com.bt.og.testpages.AdminResubmitionOfOrder2RESETaUTH"/>
  <testcase name="test1" time="4.378" classname="com.bt.og.testpages.AdminResubmitionOfOrder2RESETaUTH"/>
  <testcase name="test1" time="4.252" classname="com.bt.og.testpages.AdminResubmitionOfOrder2RESETaUTH"/>
</testsuite> <!-- com.bt.og.testpages.AdminResubmitionOfOrder2RESETaUTH -->
