<?xml version="1.0" encoding="UTF-8"?>
<!-- Generated by org.testng.reporters.JUnitReportReporter -->
<testsuite skipped="0" hostname="BTG704839" name="com.bt.og.testpages.PhonePageTest" tests="6" failures="0" timestamp="03 Jan 2019 15:53:31 GMT" time="319.911" errors="0">
  <testcase name="test21_searchProduct" time="42.897" classname="com.bt.og.testpages.PhonePageTest"/>
  <testcase name="test21_PhoneUScatalogue" time="64.220" classname="com.bt.og.testpages.PhonePageTest"/>
  <testcase name="test19_AllProductItemDisplayed" time="38.118" classname="com.bt.og.testpages.PhonePageTest"/>
  <testcase name="test20_PhoneProducts" time="78.105" classname="com.bt.og.testpages.PhonePageTest"/>
  <testcase name="test23_ErrorPreviousDate" time="45.387" classname="com.bt.og.testpages.PhonePageTest"/>
  <testcase name="test22_ErrorWeekendDate" time="51.184" classname="com.bt.og.testpages.PhonePageTest"/>
</testsuite> <!-- com.bt.og.testpages.PhonePageTest -->
