<?xml version="1.0" encoding="UTF-8"?>
<!-- Generated by org.testng.reporters.JUnitReportReporter -->
<testsuite skipped="0" hostname="BTG704839" name="com.bt.og.testpages.OG223_SWDEVBUNDLE" tests="1" failures="0" timestamp="19 Nov 2018 09:21:24 GMT" time="35.169" errors="0">
  <testcase name="test1" time="35.169" classname="com.bt.og.testpages.OG223_SWDEVBUNDLE"/>
</testsuite> <!-- com.bt.og.testpages.OG223_SWDEVBUNDLE -->
