<?xml version="1.0" encoding="UTF-8"?>
<!-- Generated by org.testng.reporters.JUnitReportReporter -->
<testsuite skipped="0" hostname="BTG704839" name="com.bt.og.testpages.SystemAccessTestPage" tests="3" failures="0" timestamp="07 Jan 2019 11:32:20 GMT" time="235.814" errors="0">
  <testcase name="test22_CSSProduction" time="92.772" classname="com.bt.og.testpages.SystemAccessTestPage"/>
  <testcase name="test23_IUSERDomainGroupConnection" time="81.024" classname="com.bt.og.testpages.SystemAccessTestPage"/>
  <testcase name="test24_OneViewChangesToProfile" time="62.018" classname="com.bt.og.testpages.SystemAccessTestPage"/>
</testsuite> <!-- com.bt.og.testpages.SystemAccessTestPage -->
