<?xml version="1.0" encoding="UTF-8"?>
<!-- Generated by org.testng.reporters.JUnitReportReporter -->
<testsuite skipped="0" hostname="BTG704839" name="com.bt.og.sampletestcases.LoginPageTest" tests="1" failures="0" timestamp="09 Jan 2019 15:53:04 GMT" time="21.035" errors="0">
  <testcase name="test03_wrongEinFormat" time="21.035" classname="com.bt.og.sampletestcases.LoginPageTest"/>
</testsuite> <!-- com.bt.og.sampletestcases.LoginPageTest -->
