<?xml version="1.0" encoding="UTF-8"?>
<!-- Generated by org.testng.reporters.JUnitReportReporter -->
<testsuite hostname="BTP204126" name="com.bt.og.utility.AdminResubmitionOfOrder" tests="6" failures="0" timestamp="7 Sep 2021 08:45:57 GMT" time="84.152" errors="0">
  <testcase name="test1" time="13.606" classname="com.bt.og.utility.AdminResubmitionOfOrder"/>
  <testcase name="test1" time="13.272" classname="com.bt.og.utility.AdminResubmitionOfOrder"/>
  <testcase name="test1" time="15.168" classname="com.bt.og.utility.AdminResubmitionOfOrder"/>
  <testcase name="test1" time="13.226" classname="com.bt.og.utility.AdminResubmitionOfOrder"/>
  <testcase name="test1" time="13.342" classname="com.bt.og.utility.AdminResubmitionOfOrder"/>
  <testcase name="test1" time="15.538" classname="com.bt.og.utility.AdminResubmitionOfOrder"/>
</testsuite> <!-- com.bt.og.utility.AdminResubmitionOfOrder -->
