<?xml version="1.0" encoding="UTF-8"?>
<!-- Generated by org.testng.reporters.JUnitReportReporter -->
<testsuite skipped="0" hostname="BTG704839" name="com.bt.og.testpages.ITEquipmentTestPage" tests="1" failures="0" timestamp="07 Jan 2019 11:17:01 GMT" time="95.028" errors="0">
  <testcase name="test14_ITEquipmentProducts" time="95.028" classname="com.bt.og.testpages.ITEquipmentTestPage"/>
</testsuite> <!-- com.bt.og.testpages.ITEquipmentTestPage -->
