<?xml version="1.0" encoding="UTF-8"?>
<!-- Generated by org.testng.reporters.JUnitReportReporter -->
<testsuite skipped="0" hostname="BTG704839" name="com.bt.og.base.AdminResubmitionOfOrder" tests="1" failures="0" timestamp="17 May 2019 09:24:17 GMT" time="43.146" errors="0">
  <testcase name="test1" time="43.146" classname="com.bt.og.base.AdminResubmitionOfOrder"/>
</testsuite> <!-- com.bt.og.base.AdminResubmitionOfOrder -->
