<?xml version="1.0" encoding="UTF-8"?>
<!-- Generated by org.testng.reporters.JUnitReportReporter -->
<testsuite skipped="0" hostname="BTG704839" name="com.bt.og.base.Sample" tests="1" failures="0" timestamp="11 Mar 2019 05:56:41 GMT" time="1.152" errors="0">
  <testcase name="test1" time="1.152" classname="com.bt.og.base.Sample"/>
</testsuite> <!-- com.bt.og.base.Sample -->
