<?xml version="1.0" encoding="UTF-8"?>
<!-- Generated by org.testng.reporters.JUnitReportReporter -->
<testsuite skipped="0" hostname="BTG704839" name="com.bt.og.testpages.PLN650" tests="1" failures="0" timestamp="21 Feb 2019 10:38:25 GMT" time="51.525" errors="0">
  <testcase name="test1" time="51.525" classname="com.bt.og.testpages.PLN650"/>
</testsuite> <!-- com.bt.og.testpages.PLN650 -->
