<?xml version="1.0" encoding="UTF-8"?>
<!-- Generated by org.testng.reporters.JUnitReportReporter -->
<testsuite name="com.bt.og.testpages.AmeaBoss" tests="1" time="65.771" ignored="0" failures="0" timestamp="20 Jun 2019 15:43:48 GMT" skipped="0" hostname="BTP204126" errors="0">
  <testcase name="test1" time="65.771" classname="com.bt.og.testpages.AmeaBoss"/>
</testsuite> <!-- com.bt.og.testpages.AmeaBoss -->
