<?xml version="1.0" encoding="UTF-8"?>
<!-- Generated by org.testng.reporters.JUnitReportReporter -->
<testsuite skipped="0" hostname="BTG704839" name="com.bt.og.testpages.OlogyTest" tests="1" failures="0" timestamp="03 Jan 2019 10:56:32 GMT" time="37.156" errors="0">
  <testcase name="test08_checkPhoneAllProductItemDisplayed" time="37.156" classname="com.bt.og.testpages.OlogyTest"/>
</testsuite> <!-- com.bt.og.testpages.OlogyTest -->
