<?xml version="1.0" encoding="UTF-8"?>
<!-- Generated by org.testng.reporters.JUnitReportReporter -->
<testsuite hostname="BTP204126" name="com.bt.og.testpages.AdminResubmitionOfOrder" tests="91" failures="1" timestamp="20 Jun 2022 09:16:27 GMT" time="1589.430" errors="0">
  <testcase name="test1" time="13.446" classname="com.bt.og.testpages.AdminResubmitionOfOrder"/>
  <testcase name="test1" time="16.562" classname="com.bt.og.testpages.AdminResubmitionOfOrder"/>
  <testcase name="test1" time="15.775" classname="com.bt.og.testpages.AdminResubmitionOfOrder"/>
  <testcase name="test1" time="23.173" classname="com.bt.og.testpages.AdminResubmitionOfOrder"/>
  <testcase name="test1" time="16.728" classname="com.bt.og.testpages.AdminResubmitionOfOrder"/>
  <testcase name="test1" time="15.876" classname="com.bt.og.testpages.AdminResubmitionOfOrder"/>
  <testcase name="test1" time="23.340" classname="com.bt.og.testpages.AdminResubmitionOfOrder"/>
  <testcase name="test1" time="12.667" classname="com.bt.og.testpages.AdminResubmitionOfOrder"/>
  <testcase name="test1" time="19.945" classname="com.bt.og.testpages.AdminResubmitionOfOrder"/>
  <testcase name="test1" time="16.152" classname="com.bt.og.testpages.AdminResubmitionOfOrder"/>
  <testcase name="test1" time="15.911" classname="com.bt.og.testpages.AdminResubmitionOfOrder"/>
  <testcase name="test1" time="14.042" classname="com.bt.og.testpages.AdminResubmitionOfOrder"/>
  <testcase name="test1" time="23.964" classname="com.bt.og.testpages.AdminResubmitionOfOrder"/>
  <testcase name="test1" time="24.048" classname="com.bt.og.testpages.AdminResubmitionOfOrder"/>
  <testcase name="test1" time="13.917" classname="com.bt.og.testpages.AdminResubmitionOfOrder"/>
  <testcase name="test1" time="24.930" classname="com.bt.og.testpages.AdminResubmitionOfOrder"/>
  <testcase name="test1" time="16.554" classname="com.bt.og.testpages.AdminResubmitionOfOrder"/>
  <testcase name="test1" time="14.589" classname="com.bt.og.testpages.AdminResubmitionOfOrder"/>
  <testcase name="test1" time="24.551" classname="com.bt.og.testpages.AdminResubmitionOfOrder"/>
  <testcase name="test1" time="17.453" classname="com.bt.og.testpages.AdminResubmitionOfOrder"/>
  <testcase name="test1" time="23.582" classname="com.bt.og.testpages.AdminResubmitionOfOrder"/>
  <testcase name="test1" time="15.559" classname="com.bt.og.testpages.AdminResubmitionOfOrder"/>
  <testcase name="test1" time="23.379" classname="com.bt.og.testpages.AdminResubmitionOfOrder"/>
  <testcase name="test1" time="23.262" classname="com.bt.og.testpages.AdminResubmitionOfOrder"/>
  <testcase name="test1" time="23.678" classname="com.bt.og.testpages.AdminResubmitionOfOrder"/>
  <testcase name="test1" time="15.874" classname="com.bt.og.testpages.AdminResubmitionOfOrder"/>
  <testcase name="test1" time="13.708" classname="com.bt.og.testpages.AdminResubmitionOfOrder"/>
  <testcase name="test1" time="22.100" classname="com.bt.og.testpages.AdminResubmitionOfOrder"/>
  <testcase name="test1" time="17.890" classname="com.bt.og.testpages.AdminResubmitionOfOrder"/>
  <testcase name="test1" time="21.891" classname="com.bt.og.testpages.AdminResubmitionOfOrder"/>
  <testcase name="test1" time="13.662" classname="com.bt.og.testpages.AdminResubmitionOfOrder"/>
  <testcase name="test1" time="16.414" classname="com.bt.og.testpages.AdminResubmitionOfOrder"/>
  <testcase name="test1" time="22.641" classname="com.bt.og.testpages.AdminResubmitionOfOrder"/>
  <testcase name="test1" time="17.038" classname="com.bt.og.testpages.AdminResubmitionOfOrder"/>
  <testcase name="test1" time="14.312" classname="com.bt.og.testpages.AdminResubmitionOfOrder"/>
  <testcase name="test1" time="25.398" classname="com.bt.og.testpages.AdminResubmitionOfOrder"/>
  <testcase name="test1" time="16.870" classname="com.bt.og.testpages.AdminResubmitionOfOrder"/>
  <testcase name="test1" time="0.398" classname="com.bt.og.testpages.AdminResubmitionOfOrder">
    <failure type="org.openqa.selenium.InvalidSelectorException" message="An invalid or illegal selector was specified
For documentation on this error, please visit: http://seleniumhq.org/exceptions/invalid_selector_exception.html
Build info: version: &#039;3.11.0&#039;, revision: &#039;e59cfb3&#039;, time: &#039;2018-03-11T20:26:55.152Z&#039;
System info: host: &#039;BTP204126&#039;, ip: &#039;10.110.140.32&#039;, os.name: &#039;Windows 10&#039;, os.arch: &#039;amd64&#039;, os.version: &#039;10.0&#039;, java.version: &#039;1.8.0_162&#039;
Driver info: org.openqa.selenium.ie.InternetExplorerDriver
Capabilities {acceptInsecureCerts: false, browserName: internet explorer, browserVersion: 11, javascriptEnabled: true, pageLoadStrategy: normal, platform: WINDOWS, platformName: WINDOWS, proxy: Proxy(), se:ieOptions: {browserAttachTimeout: 0, elementScrollBehavior: 0, enablePersistentHover: true, ie.browserCommandLineSwitches: , ie.ensureCleanSession: false, ie.fileUploadDialogTimeout: 3000, ie.forceCreateProcessApi: false, ignoreProtectedModeSettings: true, ignoreZoomSetting: true, initialBrowserUrl: http://localhost:17457/, nativeEvents: true, requireWindowFocus: false}, setWindowRect: true, timeouts: {implicit: 0, pageLoad: 300000, script: 30000}, unhandledPromptBehavior: accept}
Session ID: 17f4e44c-30cf-46db-b0bb-ca84fb1c9e3e
*** Element info: {Using=name, value=txtValue}">
      <![CDATA[org.openqa.selenium.InvalidSelectorException: An invalid or illegal selector was specified
For documentation on this error, please visit: http://seleniumhq.org/exceptions/invalid_selector_exception.html
Build info: version: '3.11.0', revision: 'e59cfb3', time: '2018-03-11T20:26:55.152Z'
System info: host: 'BTP204126', ip: '10.110.140.32', os.name: 'Windows 10', os.arch: 'amd64', os.version: '10.0', java.version: '1.8.0_162'
Driver info: org.openqa.selenium.ie.InternetExplorerDriver
Capabilities {acceptInsecureCerts: false, browserName: internet explorer, browserVersion: 11, javascriptEnabled: true, pageLoadStrategy: normal, platform: WINDOWS, platformName: WINDOWS, proxy: Proxy(), se:ieOptions: {browserAttachTimeout: 0, elementScrollBehavior: 0, enablePersistentHover: true, ie.browserCommandLineSwitches: , ie.ensureCleanSession: false, ie.fileUploadDialogTimeout: 3000, ie.forceCreateProcessApi: false, ignoreProtectedModeSettings: true, ignoreZoomSetting: true, initialBrowserUrl: http://localhost:17457/, nativeEvents: true, requireWindowFocus: false}, setWindowRect: true, timeouts: {implicit: 0, pageLoad: 300000, script: 30000}, unhandledPromptBehavior: accept}
Session ID: 17f4e44c-30cf-46db-b0bb-ca84fb1c9e3e
*** Element info: {Using=name, value=txtValue}
	at sun.reflect.NativeConstructorAccessorImpl.newInstance0(Native Method)
	at sun.reflect.NativeConstructorAccessorImpl.newInstance(NativeConstructorAccessorImpl.java:62)
	at sun.reflect.DelegatingConstructorAccessorImpl.newInstance(DelegatingConstructorAccessorImpl.java:45)
	at java.lang.reflect.Constructor.newInstance(Constructor.java:423)
	at org.openqa.selenium.remote.http.W3CHttpResponseCodec.createException(W3CHttpResponseCodec.java:187)
	at org.openqa.selenium.remote.http.W3CHttpResponseCodec.decode(W3CHttpResponseCodec.java:122)
	at org.openqa.selenium.remote.http.W3CHttpResponseCodec.decode(W3CHttpResponseCodec.java:49)
	at org.openqa.selenium.remote.HttpCommandExecutor.execute(HttpCommandExecutor.java:158)
	at org.openqa.selenium.remote.service.DriverCommandExecutor.execute(DriverCommandExecutor.java:83)
	at org.openqa.selenium.remote.RemoteWebDriver.execute(RemoteWebDriver.java:545)
	at org.openqa.selenium.remote.RemoteWebDriver.findElement(RemoteWebDriver.java:319)
	at org.openqa.selenium.remote.RemoteWebDriver.findElementByName(RemoteWebDriver.java:397)
	at org.openqa.selenium.By$ByName.findElement(By.java:303)
	at org.openqa.selenium.remote.RemoteWebDriver.findElement(RemoteWebDriver.java:311)
	at com.bt.og.testpages.AdminResubmitionOfOrder.test1(AdminResubmitionOfOrder.java:237)
	at sun.reflect.NativeMethodAccessorImpl.invoke0(Native Method)
	at sun.reflect.NativeMethodAccessorImpl.invoke(NativeMethodAccessorImpl.java:62)
	at sun.reflect.DelegatingMethodAccessorImpl.invoke(DelegatingMethodAccessorImpl.java:43)
	at java.lang.reflect.Method.invoke(Method.java:498)
	at org.testng.internal.MethodInvocationHelper.invokeMethod(MethodInvocationHelper.java:80)
	at org.testng.internal.Invoker.invokeMethod(Invoker.java:714)
	at org.testng.internal.Invoker.invokeTestMethod(Invoker.java:901)
	at org.testng.internal.Invoker.invokeTestMethods(Invoker.java:1231)
	at org.testng.internal.TestMethodWorker.invokeTestMethods(TestMethodWorker.java:127)
	at org.testng.internal.TestMethodWorker.run(TestMethodWorker.java:111)
	at org.testng.TestRunner.privateRun(TestRunner.java:767)
	at org.testng.TestRunner.run(TestRunner.java:617)
	at org.testng.SuiteRunner.runTest(SuiteRunner.java:334)
	at org.testng.SuiteRunner.runSequentially(SuiteRunner.java:329)
	at org.testng.SuiteRunner.privateRun(SuiteRunner.java:291)
	at org.testng.SuiteRunner.run(SuiteRunner.java:240)
	at org.testng.SuiteRunnerWorker.runSuite(SuiteRunnerWorker.java:52)
	at org.testng.SuiteRunnerWorker.run(SuiteRunnerWorker.java:86)
	at org.testng.TestNG.runSuitesSequentially(TestNG.java:1198)
	at org.testng.TestNG.runSuitesLocally(TestNG.java:1123)
	at org.testng.TestNG.run(TestNG.java:1031)
	at org.testng.remote.AbstractRemoteTestNG.run(AbstractRemoteTestNG.java:132)
	at org.testng.remote.RemoteTestNG.initAndRun(RemoteTestNG.java:236)
	at org.testng.remote.RemoteTestNG.main(RemoteTestNG.java:81)
]]>
    </failure>
  </testcase> <!-- test1 -->
  <testcase name="test1" time="16.599" classname="com.bt.og.testpages.AdminResubmitionOfOrder"/>
  <testcase name="test1" time="13.686" classname="com.bt.og.testpages.AdminResubmitionOfOrder"/>
  <testcase name="test1" time="16.952" classname="com.bt.og.testpages.AdminResubmitionOfOrder"/>
  <testcase name="test1" time="23.221" classname="com.bt.og.testpages.AdminResubmitionOfOrder"/>
  <testcase name="test1" time="16.005" classname="com.bt.og.testpages.AdminResubmitionOfOrder"/>
  <testcase name="test1" time="13.605" classname="com.bt.og.testpages.AdminResubmitionOfOrder"/>
  <testcase name="test1" time="22.931" classname="com.bt.og.testpages.AdminResubmitionOfOrder"/>
  <testcase name="test1" time="24.501" classname="com.bt.og.testpages.AdminResubmitionOfOrder"/>
  <testcase name="test1" time="16.452" classname="com.bt.og.testpages.AdminResubmitionOfOrder"/>
  <testcase name="test1" time="23.121" classname="com.bt.og.testpages.AdminResubmitionOfOrder"/>
  <testcase name="test1" time="13.453" classname="com.bt.og.testpages.AdminResubmitionOfOrder"/>
  <testcase name="test1" time="13.550" classname="com.bt.og.testpages.AdminResubmitionOfOrder"/>
  <testcase name="test1" time="13.789" classname="com.bt.og.testpages.AdminResubmitionOfOrder"/>
  <testcase name="test1" time="13.324" classname="com.bt.og.testpages.AdminResubmitionOfOrder"/>
  <testcase name="test1" time="16.674" classname="com.bt.og.testpages.AdminResubmitionOfOrder"/>
  <testcase name="test1" time="15.636" classname="com.bt.og.testpages.AdminResubmitionOfOrder"/>
  <testcase name="test1" time="15.793" classname="com.bt.og.testpages.AdminResubmitionOfOrder"/>
  <testcase name="test1" time="21.012" classname="com.bt.og.testpages.AdminResubmitionOfOrder"/>
  <testcase name="test1" time="15.172" classname="com.bt.og.testpages.AdminResubmitionOfOrder"/>
  <testcase name="test1" time="15.383" classname="com.bt.og.testpages.AdminResubmitionOfOrder"/>
  <testcase name="test1" time="24.186" classname="com.bt.og.testpages.AdminResubmitionOfOrder"/>
  <testcase name="test1" time="22.209" classname="com.bt.og.testpages.AdminResubmitionOfOrder"/>
  <testcase name="test1" time="23.913" classname="com.bt.og.testpages.AdminResubmitionOfOrder"/>
  <testcase name="test1" time="13.437" classname="com.bt.og.testpages.AdminResubmitionOfOrder"/>
  <testcase name="test1" time="13.555" classname="com.bt.og.testpages.AdminResubmitionOfOrder"/>
  <testcase name="test1" time="16.743" classname="com.bt.og.testpages.AdminResubmitionOfOrder"/>
  <testcase name="test1" time="15.920" classname="com.bt.og.testpages.AdminResubmitionOfOrder"/>
  <testcase name="test1" time="17.423" classname="com.bt.og.testpages.AdminResubmitionOfOrder"/>
  <testcase name="test1" time="14.823" classname="com.bt.og.testpages.AdminResubmitionOfOrder"/>
  <testcase name="test1" time="17.016" classname="com.bt.og.testpages.AdminResubmitionOfOrder"/>
  <testcase name="test1" time="14.138" classname="com.bt.og.testpages.AdminResubmitionOfOrder"/>
  <testcase name="test1" time="15.896" classname="com.bt.og.testpages.AdminResubmitionOfOrder"/>
  <testcase name="test1" time="16.883" classname="com.bt.og.testpages.AdminResubmitionOfOrder"/>
  <testcase name="test1" time="22.167" classname="com.bt.og.testpages.AdminResubmitionOfOrder"/>
  <testcase name="test1" time="13.565" classname="com.bt.og.testpages.AdminResubmitionOfOrder"/>
  <testcase name="test1" time="20.033" classname="com.bt.og.testpages.AdminResubmitionOfOrder"/>
  <testcase name="test1" time="14.774" classname="com.bt.og.testpages.AdminResubmitionOfOrder"/>
  <testcase name="test1" time="16.106" classname="com.bt.og.testpages.AdminResubmitionOfOrder"/>
  <testcase name="test1" time="15.040" classname="com.bt.og.testpages.AdminResubmitionOfOrder"/>
  <testcase name="test1" time="17.597" classname="com.bt.og.testpages.AdminResubmitionOfOrder"/>
  <testcase name="test1" time="15.335" classname="com.bt.og.testpages.AdminResubmitionOfOrder"/>
  <testcase name="test1" time="15.642" classname="com.bt.og.testpages.AdminResubmitionOfOrder"/>
  <testcase name="test1" time="23.346" classname="com.bt.og.testpages.AdminResubmitionOfOrder"/>
  <testcase name="test1" time="16.077" classname="com.bt.og.testpages.AdminResubmitionOfOrder"/>
  <testcase name="test1" time="15.110" classname="com.bt.og.testpages.AdminResubmitionOfOrder"/>
  <testcase name="test1" time="23.773" classname="com.bt.og.testpages.AdminResubmitionOfOrder"/>
  <testcase name="test1" time="15.355" classname="com.bt.og.testpages.AdminResubmitionOfOrder"/>
  <testcase name="test1" time="15.708" classname="com.bt.og.testpages.AdminResubmitionOfOrder"/>
  <testcase name="test1" time="13.398" classname="com.bt.og.testpages.AdminResubmitionOfOrder"/>
  <testcase name="test1" time="13.844" classname="com.bt.og.testpages.AdminResubmitionOfOrder"/>
  <testcase name="test1" time="14.620" classname="com.bt.og.testpages.AdminResubmitionOfOrder"/>
  <testcase name="test1" time="15.796" classname="com.bt.og.testpages.AdminResubmitionOfOrder"/>
  <testcase name="test1" time="13.864" classname="com.bt.og.testpages.AdminResubmitionOfOrder"/>
</testsuite> <!-- com.bt.og.testpages.AdminResubmitionOfOrder -->
