<?xml version="1.0" encoding="UTF-8"?>
<!-- Generated by org.testng.reporters.JUnitReportReporter -->
<testsuite skipped="0" hostname="BTG704839" name="com.bt.og.testpages.VerfiyBrokenLinksTest" tests="1" failures="0" timestamp="13 Sep 2018 19:20:57 GMT" time="118.930" errors="0">
  <testcase name="testBrokernLinks" time="118.930" classname="com.bt.og.testpages.VerfiyBrokenLinksTest"/>
</testsuite> <!-- com.bt.og.testpages.VerfiyBrokenLinksTest -->
